2023-09-14T22:00:00.008Z [debug][Jobs]: Starting scheduled job: Download Sync 
2023-09-14T22:00:00.158Z [info][Jobs]: Starting scheduled job: Plex Recently Added Scan 
2023-09-14T22:00:00.158Z [info][Plex Scan]: Scan starting {"sessionId":"cbfcc573-3d36-4da9-8674-aa52188efeee"}
2023-09-14T22:00:00.160Z [info][Jobs]: Starting scheduled job: Plex Watchlist Sync 
2023-09-14T22:00:00.210Z [error][Plex Scan]: Scan interrupted {"errorMessage":"connect ECONNREFUSED 172.20.0.10:32400"}
2023-09-14T22:01:00.008Z [debug][Jobs]: Starting scheduled job: Download Sync 
2023-09-14T22:02:00.005Z [debug][Jobs]: Starting scheduled job: Download Sync 
2023-09-14T22:03:00.007Z [debug][Jobs]: Starting scheduled job: Download Sync 
2023-09-14T22:04:00.003Z [debug][Jobs]: Starting scheduled job: Download Sync 
2023-09-14T22:05:00.007Z [debug][Jobs]: Starting scheduled job: Download Sync 
2023-09-14T22:05:00.010Z [info][Jobs]: Starting scheduled job: Plex Recently Added Scan 
2023-09-14T22:05:00.010Z [info][Plex Scan]: Scan starting {"sessionId":"7ae69daa-edc4-4080-bbdc-268158c0b735"}
2023-09-14T22:05:00.014Z [error][Plex Scan]: Scan interrupted {"errorMessage":"connect ECONNREFUSED 172.20.0.10:32400"}
2023-09-14T22:06:00.010Z [debug][Jobs]: Starting scheduled job: Download Sync 
2023-09-14T22:07:00.010Z [debug][Jobs]: Starting scheduled job: Download Sync 
2023-09-14T22:08:00.006Z [debug][Jobs]: Starting scheduled job: Download Sync 
2023-09-14T22:09:00.009Z [debug][Jobs]: Starting scheduled job: Download Sync 
2023-09-14T22:10:00.009Z [debug][Jobs]: Starting scheduled job: Download Sync 
2023-09-14T22:10:00.012Z [info][Jobs]: Starting scheduled job: Plex Recently Added Scan 
2023-09-14T22:10:00.012Z [info][Plex Scan]: Scan starting {"sessionId":"043e6a4b-a087-4d60-92f1-51b1f99585db"}
2023-09-14T22:10:00.016Z [info][Jobs]: Starting scheduled job: Plex Watchlist Sync 
2023-09-14T22:10:00.068Z [error][Plex Scan]: Scan interrupted {"errorMessage":"connect ECONNREFUSED 172.20.0.10:32400"}
2023-09-14T22:11:00.007Z [debug][Jobs]: Starting scheduled job: Download Sync 
2023-09-14T22:12:00.008Z [debug][Jobs]: Starting scheduled job: Download Sync 
2023-09-14T22:13:00.009Z [debug][Jobs]: Starting scheduled job: Download Sync 
2023-09-14T22:14:00.004Z [debug][Jobs]: Starting scheduled job: Download Sync 
2023-09-14T22:15:00.003Z [debug][Jobs]: Starting scheduled job: Download Sync 
2023-09-14T22:15:00.006Z [info][Jobs]: Starting scheduled job: Plex Recently Added Scan 
2023-09-14T22:15:00.006Z [info][Plex Scan]: Scan starting {"sessionId":"2a093f8e-ae4b-4584-8266-84e083fa22ab"}
2023-09-14T22:15:00.010Z [error][Plex Scan]: Scan interrupted {"errorMessage":"connect ECONNREFUSED 172.20.0.10:32400"}
2023-09-14T22:16:00.004Z [debug][Jobs]: Starting scheduled job: Download Sync 
2023-09-14T22:17:00.004Z [debug][Jobs]: Starting scheduled job: Download Sync 
2023-09-14T22:18:00.005Z [debug][Jobs]: Starting scheduled job: Download Sync 
2023-09-14T22:19:00.005Z [debug][Jobs]: Starting scheduled job: Download Sync 
2023-09-14T22:20:00.006Z [debug][Jobs]: Starting scheduled job: Download Sync 
2023-09-14T22:20:00.008Z [info][Jobs]: Starting scheduled job: Plex Recently Added Scan 
2023-09-14T22:20:00.008Z [info][Plex Scan]: Scan starting {"sessionId":"86e9bba2-695f-4615-9d23-8520c53cc361"}
2023-09-14T22:20:00.014Z [info][Jobs]: Starting scheduled job: Plex Watchlist Sync 
2023-09-14T22:20:00.068Z [error][Plex Scan]: Scan interrupted {"errorMessage":"connect ECONNREFUSED 172.20.0.10:32400"}
2023-09-14T22:21:00.006Z [debug][Jobs]: Starting scheduled job: Download Sync 
2023-09-14T22:22:00.005Z [debug][Jobs]: Starting scheduled job: Download Sync 
2023-09-14T22:23:00.004Z [debug][Jobs]: Starting scheduled job: Download Sync 
2023-09-14T22:24:00.002Z [debug][Jobs]: Starting scheduled job: Download Sync 
2023-09-14T22:25:00.004Z [debug][Jobs]: Starting scheduled job: Download Sync 
2023-09-14T22:25:00.005Z [info][Jobs]: Starting scheduled job: Plex Recently Added Scan 
2023-09-14T22:25:00.005Z [info][Plex Scan]: Scan starting {"sessionId":"cab62f1e-5ac2-42b6-9eb3-c50f2e1a1ab8"}
2023-09-14T22:25:00.009Z [error][Plex Scan]: Scan interrupted {"errorMessage":"connect ECONNREFUSED 172.20.0.10:32400"}
2023-09-14T22:26:00.003Z [debug][Jobs]: Starting scheduled job: Download Sync 
2023-09-14T22:27:00.004Z [debug][Jobs]: Starting scheduled job: Download Sync 
2023-09-14T22:28:00.005Z [debug][Jobs]: Starting scheduled job: Download Sync 
2023-09-14T22:29:00.004Z [debug][Jobs]: Starting scheduled job: Download Sync 
2023-09-14T22:30:00.005Z [debug][Jobs]: Starting scheduled job: Download Sync 
2023-09-14T22:30:00.008Z [info][Jobs]: Starting scheduled job: Plex Recently Added Scan 
2023-09-14T22:30:00.009Z [info][Plex Scan]: Scan starting {"sessionId":"a623dc64-1e18-4dca-86fc-4e0111bed01c"}
2023-09-14T22:30:00.013Z [info][Jobs]: Starting scheduled job: Plex Watchlist Sync 
2023-09-14T22:30:00.080Z [error][Plex Scan]: Scan interrupted {"errorMessage":"connect ECONNREFUSED 172.20.0.10:32400"}
2023-09-14T22:31:00.002Z [debug][Jobs]: Starting scheduled job: Download Sync 
2023-09-14T22:32:00.010Z [debug][Jobs]: Starting scheduled job: Download Sync 
2023-09-14T22:33:00.008Z [debug][Jobs]: Starting scheduled job: Download Sync 
2023-09-14T22:34:00.006Z [debug][Jobs]: Starting scheduled job: Download Sync 
2023-09-14T22:35:00.005Z [debug][Jobs]: Starting scheduled job: Download Sync 
2023-09-14T22:35:00.008Z [info][Jobs]: Starting scheduled job: Plex Recently Added Scan 
2023-09-14T22:35:00.008Z [info][Plex Scan]: Scan starting {"sessionId":"3c30dba0-7f64-4278-9de3-111447f4367b"}
2023-09-14T22:35:00.016Z [error][Plex Scan]: Scan interrupted {"errorMessage":"connect ECONNREFUSED 172.20.0.10:32400"}
2023-09-14T22:36:00.004Z [debug][Jobs]: Starting scheduled job: Download Sync 
2023-09-14T22:37:00.003Z [debug][Jobs]: Starting scheduled job: Download Sync 
2023-09-14T22:38:00.004Z [debug][Jobs]: Starting scheduled job: Download Sync 
2023-09-14T22:39:00.003Z [debug][Jobs]: Starting scheduled job: Download Sync 
2023-09-14T22:40:00.005Z [debug][Jobs]: Starting scheduled job: Download Sync 
2023-09-14T22:40:00.007Z [info][Jobs]: Starting scheduled job: Plex Recently Added Scan 
2023-09-14T22:40:00.008Z [info][Plex Scan]: Scan starting {"sessionId":"5288f8ee-5a52-4489-a4e0-f7e26a92f221"}
2023-09-14T22:40:00.013Z [info][Jobs]: Starting scheduled job: Plex Watchlist Sync 
2023-09-14T22:40:00.109Z [error][Plex Scan]: Scan interrupted {"errorMessage":"connect ECONNREFUSED 172.20.0.10:32400"}
2023-09-14T22:41:00.007Z [debug][Jobs]: Starting scheduled job: Download Sync 
2023-09-14T22:42:00.003Z [debug][Jobs]: Starting scheduled job: Download Sync 
2023-09-14T22:43:00.005Z [debug][Jobs]: Starting scheduled job: Download Sync 
2023-09-14T22:44:00.004Z [debug][Jobs]: Starting scheduled job: Download Sync 
2023-09-14T22:45:00.004Z [debug][Jobs]: Starting scheduled job: Download Sync 
2023-09-14T22:45:00.005Z [info][Jobs]: Starting scheduled job: Plex Recently Added Scan 
2023-09-14T22:45:00.005Z [info][Plex Scan]: Scan starting {"sessionId":"0e05ba98-c538-4a39-9307-78149093e208"}
2023-09-14T22:45:00.008Z [error][Plex Scan]: Scan interrupted {"errorMessage":"connect ECONNREFUSED 172.20.0.10:32400"}
2023-09-14T22:46:00.005Z [debug][Jobs]: Starting scheduled job: Download Sync 
2023-09-14T22:47:00.007Z [debug][Jobs]: Starting scheduled job: Download Sync 
2023-09-14T22:48:00.004Z [debug][Jobs]: Starting scheduled job: Download Sync 
2023-09-14T22:49:00.005Z [debug][Jobs]: Starting scheduled job: Download Sync 
2023-09-14T22:50:00.005Z [debug][Jobs]: Starting scheduled job: Download Sync 
2023-09-14T22:50:00.006Z [info][Jobs]: Starting scheduled job: Plex Recently Added Scan 
2023-09-14T22:50:00.007Z [info][Plex Scan]: Scan starting {"sessionId":"c2da78a3-b4a4-4898-934c-15d43a845033"}
2023-09-14T22:50:00.010Z [info][Jobs]: Starting scheduled job: Plex Watchlist Sync 
2023-09-14T22:50:00.068Z [error][Plex Scan]: Scan interrupted {"errorMessage":"connect ECONNREFUSED 172.20.0.10:32400"}
2023-09-14T22:51:00.006Z [debug][Jobs]: Starting scheduled job: Download Sync 
2023-09-14T22:52:00.005Z [debug][Jobs]: Starting scheduled job: Download Sync 
2023-09-14T22:53:00.003Z [debug][Jobs]: Starting scheduled job: Download Sync 
2023-09-14T22:54:00.002Z [debug][Jobs]: Starting scheduled job: Download Sync 
2023-09-14T22:55:00.004Z [debug][Jobs]: Starting scheduled job: Download Sync 
2023-09-14T22:55:00.005Z [info][Jobs]: Starting scheduled job: Plex Recently Added Scan 
2023-09-14T22:55:00.006Z [info][Plex Scan]: Scan starting {"sessionId":"6cd2f61d-f7f8-43e1-a846-cf7d244fafee"}
2023-09-14T22:55:00.009Z [error][Plex Scan]: Scan interrupted {"errorMessage":"connect ECONNREFUSED 172.20.0.10:32400"}
2023-09-14T22:56:00.004Z [debug][Jobs]: Starting scheduled job: Download Sync 
2023-09-14T22:57:00.004Z [debug][Jobs]: Starting scheduled job: Download Sync 
2023-09-14T22:58:00.004Z [debug][Jobs]: Starting scheduled job: Download Sync 
2023-09-14T22:59:00.005Z [debug][Jobs]: Starting scheduled job: Download Sync 
2023-09-14T23:00:00.003Z [debug][Jobs]: Starting scheduled job: Download Sync 
2023-09-14T23:00:00.005Z [info][Jobs]: Starting scheduled job: Plex Recently Added Scan 
2023-09-14T23:00:00.005Z [info][Plex Scan]: Scan starting {"sessionId":"72b81711-e3eb-46b3-9959-7c998330d044"}
2023-09-14T23:00:00.007Z [info][Jobs]: Starting scheduled job: Plex Watchlist Sync 
2023-09-14T23:00:00.011Z [info][Jobs]: Starting scheduled job: Download Sync Reset 
2023-09-14T23:00:00.076Z [error][Plex Scan]: Scan interrupted {"errorMessage":"connect ECONNREFUSED 172.20.0.10:32400"}
2023-09-14T23:01:00.004Z [debug][Jobs]: Starting scheduled job: Download Sync 
2023-09-14T23:02:00.004Z [debug][Jobs]: Starting scheduled job: Download Sync 
2023-09-14T23:03:00.004Z [debug][Jobs]: Starting scheduled job: Download Sync 
2023-09-14T23:04:00.005Z [debug][Jobs]: Starting scheduled job: Download Sync 
2023-09-14T23:05:00.004Z [debug][Jobs]: Starting scheduled job: Download Sync 
2023-09-14T23:05:00.005Z [info][Jobs]: Starting scheduled job: Plex Recently Added Scan 
2023-09-14T23:05:00.006Z [info][Plex Scan]: Scan starting {"sessionId":"15c156c8-458d-4288-add1-d76f062318a2"}
2023-09-14T23:05:00.009Z [error][Plex Scan]: Scan interrupted {"errorMessage":"connect ECONNREFUSED 172.20.0.10:32400"}
2023-09-14T23:06:00.004Z [debug][Jobs]: Starting scheduled job: Download Sync 
2023-09-14T23:07:00.005Z [debug][Jobs]: Starting scheduled job: Download Sync 
2023-09-14T23:08:00.004Z [debug][Jobs]: Starting scheduled job: Download Sync 
2023-09-14T23:09:00.004Z [debug][Jobs]: Starting scheduled job: Download Sync 
2023-09-14T23:10:00.004Z [debug][Jobs]: Starting scheduled job: Download Sync 
2023-09-14T23:10:00.008Z [info][Jobs]: Starting scheduled job: Plex Recently Added Scan 
2023-09-14T23:10:00.008Z [info][Plex Scan]: Scan starting {"sessionId":"147f426e-50e4-4a14-9db5-0de67aacb664"}
2023-09-14T23:10:00.014Z [info][Jobs]: Starting scheduled job: Plex Watchlist Sync 
2023-09-14T23:10:00.193Z [error][Plex Scan]: Scan interrupted {"errorMessage":"connect ECONNREFUSED 172.20.0.10:32400"}
2023-09-14T23:11:00.004Z [debug][Jobs]: Starting scheduled job: Download Sync 
2023-09-14T23:12:00.003Z [debug][Jobs]: Starting scheduled job: Download Sync 
2023-09-14T23:13:00.004Z [debug][Jobs]: Starting scheduled job: Download Sync 
2023-09-14T23:14:00.003Z [debug][Jobs]: Starting scheduled job: Download Sync 
2023-09-14T23:15:00.006Z [debug][Jobs]: Starting scheduled job: Download Sync 
2023-09-14T23:15:00.007Z [info][Jobs]: Starting scheduled job: Plex Recently Added Scan 
2023-09-14T23:15:00.007Z [info][Plex Scan]: Scan starting {"sessionId":"511bdc02-9f5c-4516-9d72-3c1fee807bcc"}
2023-09-14T23:15:00.010Z [error][Plex Scan]: Scan interrupted {"errorMessage":"connect ECONNREFUSED 172.20.0.10:32400"}
2023-09-14T23:16:00.005Z [debug][Jobs]: Starting scheduled job: Download Sync 
2023-09-14T23:17:00.003Z [debug][Jobs]: Starting scheduled job: Download Sync 
2023-09-14T23:18:00.003Z [debug][Jobs]: Starting scheduled job: Download Sync 
2023-09-14T23:19:00.006Z [debug][Jobs]: Starting scheduled job: Download Sync 
2023-09-14T23:20:00.003Z [debug][Jobs]: Starting scheduled job: Download Sync 
2023-09-14T23:20:00.004Z [info][Jobs]: Starting scheduled job: Plex Recently Added Scan 
2023-09-14T23:20:00.004Z [info][Plex Scan]: Scan starting {"sessionId":"7e38a39f-9fc8-4e74-a5b0-4b71cda3956d"}
2023-09-14T23:20:00.006Z [info][Jobs]: Starting scheduled job: Plex Watchlist Sync 
2023-09-14T23:20:00.045Z [error][Plex Scan]: Scan interrupted {"errorMessage":"connect ECONNREFUSED 172.20.0.10:32400"}
2023-09-14T23:21:00.005Z [debug][Jobs]: Starting scheduled job: Download Sync 
2023-09-14T23:22:00.004Z [debug][Jobs]: Starting scheduled job: Download Sync 
2023-09-14T23:23:00.003Z [debug][Jobs]: Starting scheduled job: Download Sync 
2023-09-14T23:24:00.001Z [debug][Jobs]: Starting scheduled job: Download Sync 
2023-09-14T23:25:00.005Z [debug][Jobs]: Starting scheduled job: Download Sync 
2023-09-14T23:25:00.006Z [info][Jobs]: Starting scheduled job: Plex Recently Added Scan 
2023-09-14T23:25:00.006Z [info][Plex Scan]: Scan starting {"sessionId":"ae597751-218d-4322-8e58-3c2d159beac9"}
2023-09-14T23:25:00.015Z [error][Plex Scan]: Scan interrupted {"errorMessage":"connect ECONNREFUSED 172.20.0.10:32400"}
2023-09-14T23:26:00.003Z [debug][Jobs]: Starting scheduled job: Download Sync 
2023-09-14T23:27:00.004Z [debug][Jobs]: Starting scheduled job: Download Sync 
2023-09-14T23:28:00.005Z [debug][Jobs]: Starting scheduled job: Download Sync 
2023-09-14T23:29:00.004Z [debug][Jobs]: Starting scheduled job: Download Sync 
2023-09-14T23:30:00.004Z [debug][Jobs]: Starting scheduled job: Download Sync 
2023-09-14T23:30:00.005Z [info][Jobs]: Starting scheduled job: Plex Recently Added Scan 
2023-09-14T23:30:00.005Z [info][Plex Scan]: Scan starting {"sessionId":"5a867fa3-6763-4a8d-b7dc-0fc0c0feb16f"}
2023-09-14T23:30:00.016Z [info][Jobs]: Starting scheduled job: Plex Watchlist Sync 
2023-09-14T23:30:00.170Z [error][Plex Scan]: Scan interrupted {"errorMessage":"connect ECONNREFUSED 172.20.0.10:32400"}
2023-09-14T23:31:00.004Z [debug][Jobs]: Starting scheduled job: Download Sync 
2023-09-14T23:32:00.004Z [debug][Jobs]: Starting scheduled job: Download Sync 
2023-09-14T23:33:00.005Z [debug][Jobs]: Starting scheduled job: Download Sync 
2023-09-14T23:34:00.003Z [debug][Jobs]: Starting scheduled job: Download Sync 
2023-09-14T23:35:00.007Z [debug][Jobs]: Starting scheduled job: Download Sync 
2023-09-14T23:35:00.008Z [info][Jobs]: Starting scheduled job: Plex Recently Added Scan 
2023-09-14T23:35:00.008Z [info][Plex Scan]: Scan starting {"sessionId":"d84b46b5-9db2-41c9-9374-e5431b4928f0"}
2023-09-14T23:35:00.015Z [error][Plex Scan]: Scan interrupted {"errorMessage":"connect ECONNREFUSED 172.20.0.10:32400"}
2023-09-14T23:36:00.005Z [debug][Jobs]: Starting scheduled job: Download Sync 
2023-09-14T23:37:00.004Z [debug][Jobs]: Starting scheduled job: Download Sync 
2023-09-14T23:38:00.004Z [debug][Jobs]: Starting scheduled job: Download Sync 
2023-09-14T23:39:00.005Z [debug][Jobs]: Starting scheduled job: Download Sync 
2023-09-14T23:40:00.004Z [debug][Jobs]: Starting scheduled job: Download Sync 
2023-09-14T23:40:00.005Z [info][Jobs]: Starting scheduled job: Plex Recently Added Scan 
2023-09-14T23:40:00.005Z [info][Plex Scan]: Scan starting {"sessionId":"d2aad2fd-eea6-4ffa-b254-78f31f621e9b"}
2023-09-14T23:40:00.006Z [info][Jobs]: Starting scheduled job: Plex Watchlist Sync 
2023-09-14T23:40:00.051Z [error][Plex Scan]: Scan interrupted {"errorMessage":"connect ECONNREFUSED 172.20.0.10:32400"}
2023-09-14T23:41:00.004Z [debug][Jobs]: Starting scheduled job: Download Sync 
2023-09-14T23:42:00.002Z [debug][Jobs]: Starting scheduled job: Download Sync 
2023-09-14T23:43:00.004Z [debug][Jobs]: Starting scheduled job: Download Sync 
2023-09-14T23:44:00.004Z [debug][Jobs]: Starting scheduled job: Download Sync 
2023-09-14T23:45:00.003Z [debug][Jobs]: Starting scheduled job: Download Sync 
2023-09-14T23:45:00.005Z [info][Jobs]: Starting scheduled job: Plex Recently Added Scan 
2023-09-14T23:45:00.005Z [info][Plex Scan]: Scan starting {"sessionId":"e57c1b3f-9eca-4805-8a96-64e83ed9149f"}
2023-09-14T23:45:00.008Z [error][Plex Scan]: Scan interrupted {"errorMessage":"con2023-09-14T23:46:00.006Z [debug][Jobs]: Starting scheduled job: Download Sync 
2023-09-14T23:47:00.005Z [debug][Jobs]: Starting scheduled job: Download Sync 
2023-09-14T23:48:00.004Z [debug][Jobs]: Starting scheduled job: Download Sync 
2023-09-14T23:49:00.000Z [debug][Jobs]: Starting scheduled job: Download Sync 
2023-09-14T23:50:00.004Z [debug][Jobs]: Starting scheduled job: Download Sync 
2023-09-14T23:50:00.005Z [info][Jobs]: Starting scheduled job: Plex Recently Added Scan 
2023-09-14T23:50:00.005Z [info][Plex Scan]: Scan starting {"sessionId":"d6a30e54-6770-4aa0-b595-e75de868b60b"}
2023-09-14T23:50:00.007Z [info][Jobs]: Starting scheduled job: Plex Watchlist Sync 
2023-09-14T23:50:00.050Z [error][Plex Scan]: Scan interrupted {"errorMessage":"connect ECONNREFUSED 172.20.0.10:32400"}
2023-09-14T23:51:00.004Z [debug][Jobs]: Starting scheduled job: Download Sync 
2023-09-14T23:52:00.003Z [debug][Jobs]: Starting scheduled job: Download Sync 
2023-09-14T23:53:00.004Z [debug][Jobs]: Starting scheduled job: Download Sync 
2023-09-14T23:54:00.003Z [debug][Jobs]: Starting scheduled job: Download Sync 
2023-09-14T23:55:00.005Z [debug][Jobs]: Starting scheduled job: Download Sync 
2023-09-14T23:55:00.007Z [info][Jobs]: Starting scheduled job: Plex Recently Added Scan 
2023-09-14T23:55:00.008Z [info][Plex Scan]: Scan starting {"sessionId":"8a79b17d-0311-48d6-a475-b03002f6ac6f"}
2023-09-14T23:55:00.015Z [error][Plex Scan]: Scan interrupted {"errorMessage":"connect ECONNREFUSED 172.20.0.10:32400"}
2023-09-14T23:56:00.003Z [debug][Jobs]: Starting scheduled job: Download Sync 
2023-09-14T23:57:00.003Z [debug][Jobs]: Starting scheduled job: Download Sync 
2023-09-14T23:58:00.004Z [debug][Jobs]: Starting scheduled job: Download Sync 
2023-09-14T23:59:00.005Z [debug][Jobs]: Starting scheduled job: Download Sync 
2023-09-15T00:00:00.005Z [debug][Jobs]: Starting scheduled job: Download Sync 
2023-09-15T00:00:00.008Z [info][Jobs]: Starting scheduled job: Plex Recently Added Scan 
2023-09-15T00:00:00.008Z [info][Plex Scan]: Scan starting {"sessionId":"cce39178-b78f-4543-bc7d-8f13ad71116a"}
2023-09-15T00:00:00.012Z [info][Jobs]: Starting scheduled job: Plex Watchlist Sync 
2023-09-15T00:00:00.058Z [error][Plex Scan]: Scan interrupted {"errorMessage":"connect ECONNREFUSED 172.20.0.10:32400"}
2023-09-15T00:01:00.005Z [debug][Jobs]: Starting scheduled job: Download Sync 
2023-09-15T00:02:00.006Z [debug][Jobs]: Starting scheduled job: Download Sync 
2023-09-15T00:03:00.003Z [debug][Jobs]: Starting scheduled job: Download Sync 
2023-09-15T00:04:00.004Z [debug][Jobs]: Starting scheduled job: Download Sync 
2023-09-15T00:05:00.005Z [debug][Jobs]: Starting scheduled job: Download Sync 
2023-09-15T00:05:00.008Z [info][Jobs]: Starting scheduled job: Plex Recently Added Scan 
2023-09-15T00:05:00.008Z [info][Plex Scan]: Scan starting {"sessionId":"68f88e01-9543-437a-bb71-ffb74202f04c"}
2023-09-15T00:05:00.016Z [error][Plex Scan]: Scan interrupted {"errorMessage":"connect ECONNREFUSED 172.20.0.10:32400"}
2023-09-15T00:06:00.005Z [debug][Jobs]: Starting scheduled job: Download Sync 
2023-09-15T00:07:00.004Z [debug][Jobs]: Starting scheduled job: Download Sync 
2023-09-15T00:08:00.004Z [debug][Jobs]: Starting scheduled job: Download Sync 
2023-09-15T00:09:00.006Z [debug][Jobs]: Starting scheduled job: Download Sync 
2023-09-15T00:10:00.003Z [debug][Jobs]: Starting scheduled job: Download Sync 
2023-09-15T00:10:00.005Z [info][Jobs]: Starting scheduled job: Plex Recently Added Scan 
2023-09-15T00:10:00.005Z [info][Plex Scan]: Scan starting {"sessionId":"a2a7c94b-d07c-449f-bd88-5cfa1f894dc2"}
2023-09-15T00:10:00.007Z [info][Jobs]: Starting scheduled job: Plex Watchlist Sync 
2023-09-15T00:10:00.053Z [error][Plex Scan]: Scan interrupted {"errorMessage":"connect ECONNREFUSED 172.20.0.10:32400"}
2023-09-15T00:11:00.005Z [debug][Jobs]: Starting scheduled job: Download Sync 
2023-09-15T00:12:00.003Z [debug][Jobs]: Starting scheduled job: Download Sync 
2023-09-15T00:13:00.004Z [debug][Jobs]: Starting scheduled job: Download Sync 
2023-09-15T00:14:00.005Z [debug]